<?xml version="1.0" encoding="UTF-8"?>
<!-- Generated by org.testng.reporters.JUnitXMLReporter -->
<testsuite ignored="0" hostname="DESKTOP-LOKGKB2" failures="1" tests="19" name="Test" time="127.474" errors="0" timestamp="2025-09-14T15:08:23 IST">
  <testcase classname="com.OpenCart.TestCases.T1_AccountRegistrationPageTest" name="navigatediffwayOfRegister" time="0.6"/>
  <testcase classname="com.OpenCart.TestCases.T1_AccountRegistrationPageTest" name="validateMandatoryField" time="2.941"/>
  <testcase classname="com.OpenCart.TestCases.T1_AccountRegistrationPageTest" name="validateNewsletterNoButton" time="4.29"/>
  <testcase classname="com.OpenCart.TestCases.T1_AccountRegistrationPageTest" name="validateNewsletterYesButton" time="3.882"/>
  <testcase classname="com.OpenCart.TestCases.T1_AccountRegistrationPageTest" name="validateWithInvalidEmail" time="1.319"/>
  <testcase classname="com.OpenCart.TestCases.T1_AccountRegistrationPageTest" name="validateWithInvalidphone" time="1.17"/>
  <testcase classname="com.OpenCart.TestCases.T1_AccountRegistrationPageTest" name="validatebothpassword" time="1.504"/>
  <testcase classname="com.OpenCart.TestCases.T2_LoginPageTest" name="TC_LF_002_validateWithInvalidCred" time="1.486"/>
  <testcase classname="com.OpenCart.TestCases.T2_LoginPageTest" name="TC_LF_003_invalidEmailvalidPassward" time="1.69"/>
  <testcase classname="com.OpenCart.TestCases.T2_LoginPageTest" name="TC_LF_004_validEmailinvalidpassward" time="1.63"/>
  <testcase classname="com.OpenCart.TestCases.T2_LoginPageTest" name="TC_LF_005_validateWithoutCredentials" time="1.899"/>
  <testcase classname="com.OpenCart.TestCases.T2_LoginPageTest" name="TC_LF_006_ValidateForgottenPasswordLnk" time="0.799"/>
  <testcase classname="com.OpenCart.TestCases.T2_LoginPageTest" name="TC_LF_007_ValidatewithKeyboardkeys" time="1.732"/>
  <testcase classname="com.OpenCart.TestCases.T2_LoginPageTest" name="TC_LF_008_ValidatePlaceholderText" time="0.414"/>
  <testcase classname="com.OpenCart.TestCases.T2_LoginPageTest" name="TC_LF_013_validatePaaswordVisibility" time="0.343"/>
  <testcase classname="com.OpenCart.TestCases.T2_LoginPageTest" name="varifyUrl" time="0.015"/>
  <testcase classname="com.OpenCart.TestCases.T2_LoginPageTest" name="varifyTitle" time="0.286"/>
  <testcase classname="com.OpenCart.TestCases.T2_LoginPageTest" name="TC_LF_001_validateLoginFunctionality" time="1.572"/>
  <testcase classname="com.OpenCart.TestCases.T2_LoginPageTest" name="TC_LF_009_validateBrowserbackbutton" time="1.012">
    <failure type="java.lang.AssertionError" message="navigate back working ... expected [true] but found [false]">
      <![CDATA[java.lang.AssertionError: navigate back working ... expected [true] but found [false]
at com.OpenCart.TestCases.T2_LoginPageTest.TC_LF_009_validateBrowserbackbutton(T2_LoginPageTest.java:152)
at java.base/java.util.ArrayList.forEach(ArrayList.java:1596)
... Removed 28 stack frames]]>
    </failure>
  </testcase> <!-- TC_LF_009_validateBrowserbackbutton -->
</testsuite> <!-- Test -->
